<?xml version="1.0" encoding="UTF-8"?>
<!-- Generated by org.testng.reporters.JUnitReportReporter -->
<testsuite hostname="Hemanth-Mohan" failures="0" tests="3" name="hemanth.tests.StandAloneTestLatest" time="50.580" errors="0" timestamp="2024-09-07T20:47:01 IST" skipped="0">
  <testcase classname="hemanth.tests.StandAloneTestLatest" name="StandAloneTestLatest" time="23.455"/>
  <testcase classname="hemanth.tests.StandAloneTestLatest" name="StandAloneTestLatest" time="24.682"/>
  <testcase classname="hemanth.tests.StandAloneTestLatest" name="orderHistoryTest" time="2.443"/>
</testsuite> <!-- hemanth.tests.StandAloneTestLatest -->
