<?xml version="1.0" encoding="UTF-8"?>
<!-- Generated by org.testng.reporters.JUnitReportReporter -->
<testsuite hostname="Hemanth-Mohan" failures="0" tests="3" name="hemanth.tests.StandAloneTestLatest" time="43.424" errors="0" timestamp="2024-09-06T21:19:50 IST" skipped="0">
  <testcase classname="hemanth.tests.StandAloneTestLatest" name="StandAloneTestLatest" time="8.218"/>
  <testcase classname="hemanth.tests.StandAloneTestLatest" name="orderHistoryTest" time="4.394"/>
  <testcase classname="hemanth.tests.StandAloneTestLatest" name="StandAloneTestLatest" time="30.812"/>
</testsuite> <!-- hemanth.tests.StandAloneTestLatest -->
